The system is: Windows - 6.3.9600 - AMD64
Compiling the C compiler identification source file "CMakeCCompilerId.c" succeeded.
Compiler: C:/Program Files (x86)/Microsoft Visual Studio/2017/Enterprise/VC/Tools/MSVC/14.13.26128/bin/Hostx86/x86/cl.exe 
Build flags: 
Id flags:  

The output was:
0
Microsoft (R) C/C++-Optimierungscompiler Version 19.13.26129 fÅr x86
Copyright (C) Microsoft Corporation. Alle Rechte vorbehalten.

CMakeCCompilerId.c
Microsoft (R) Incremental Linker Version 14.13.26129.0
Copyright (C) Microsoft Corporation.  All rights reserved.

/out:CMakeCCompilerId.exe 
CMakeCCompilerId.obj 


Compilation of the C compiler identification source "CMakeCCompilerId.c" produced "CMakeCCompilerId.exe"

Compilation of the C compiler identification source "CMakeCCompilerId.c" produced "CMakeCCompilerId.obj"

The C compiler identification is MSVC, found in "C:/Users/Bernhardt/Documents/GitHub/TEI-2/Fischer/Pflichtuebung2/cmake-build-debug/CMakeFiles/3.12.3/CompilerIdC/CMakeCCompilerId.exe"

Determining if the C compiler works passed with the following output:
Change Dir: C:/Users/Bernhardt/Documents/GitHub/TEI-2/Fischer/Pflichtuebung2/cmake-build-debug/CMakeFiles/CMakeTmp

Run Build Command:"nmake" "/nologo" "cmTC_f0ddf\fast"
	"C:\Program Files (x86)\Microsoft Visual Studio\2017\Enterprise\VC\Tools\MSVC\14.13.26128\bin\HostX86\x86\nmake.exe" -f CMakeFiles\cmTC_f0ddf.dir\build.make /nologo -L                  CMakeFiles\cmTC_f0ddf.dir\build
Building C object CMakeFiles/cmTC_f0ddf.dir/testCCompiler.c.obj
	C:\PROGRA~2\MICROS~3\2017\ENTERP~1\VC\Tools\MSVC\1413~1.261\bin\Hostx86\x86\cl.exe @C:\Users\BERNHA~1\AppData\Local\Temp\nmF0A8.tmp
testCCompiler.c
Linking C executable cmTC_f0ddf.exe
	"C:\Program Files\JetBrains\CLion 2018.2.5\bin\cmake\win\bin\cmake.exe" -E vs_link_exe --intdir=CMakeFiles\cmTC_f0ddf.dir --manifests  -- C:\PROGRA~2\MICROS~3\2017\ENTERP~1\VC\Tools\MSVC\1413~1.261\bin\Hostx86\x86\link.exe /nologo @CMakeFiles\cmTC_f0ddf.dir\objects1.rsp @C:\Users\BERNHA~1\AppData\Local\Temp\nmF165.tmp


Detecting C compiler ABI info compiled with the following output:
Change Dir: C:/Users/Bernhardt/Documents/GitHub/TEI-2/Fischer/Pflichtuebung2/cmake-build-debug/CMakeFiles/CMakeTmp

Run Build Command:"nmake" "/nologo" "cmTC_26156\fast"
	"C:\Program Files (x86)\Microsoft Visual Studio\2017\Enterprise\VC\Tools\MSVC\14.13.26128\bin\HostX86\x86\nmake.exe" -f CMakeFiles\cmTC_26156.dir\build.make /nologo -L                  CMakeFiles\cmTC_26156.dir\build
Building C object CMakeFiles/cmTC_26156.dir/CMakeCCompilerABI.c.obj
	C:\PROGRA~2\MICROS~3\2017\ENTERP~1\VC\Tools\MSVC\1413~1.261\bin\Hostx86\x86\cl.exe @C:\Users\BERNHA~1\AppData\Local\Temp\nmFFEB.tmp
CMakeCCompilerABI.c
Linking C executable cmTC_26156.exe
	"C:\Program Files\JetBrains\CLion 2018.2.5\bin\cmake\win\bin\cmake.exe" -E vs_link_exe --intdir=CMakeFiles\cmTC_26156.dir --manifests  -- C:\PROGRA~2\MICROS~3\2017\ENTERP~1\VC\Tools\MSVC\1413~1.261\bin\Hostx86\x86\link.exe /nologo @CMakeFiles\cmTC_26156.dir\objects1.rsp @C:\Users\BERNHA~1\AppData\Local\Temp\nmF5.tmp




Detecting C [] compiler features compiled with the following output:
Change Dir: C:/Users/Bernhardt/Documents/GitHub/TEI-2/Fischer/Pflichtuebung2/cmake-build-debug/CMakeFiles/CMakeTmp

Run Build Command:"nmake" "/nologo" "cmTC_1d15a\fast"
	"C:\Program Files (x86)\Microsoft Visual Studio\2017\Enterprise\VC\Tools\MSVC\14.13.26128\bin\HostX86\x86\nmake.exe" -f CMakeFiles\cmTC_1d15a.dir\build.make /nologo -L                  CMakeFiles\cmTC_1d15a.dir\build
Building C object CMakeFiles/cmTC_1d15a.dir/feature_tests.c.obj
	C:\PROGRA~2\MICROS~3\2017\ENTERP~1\VC\Tools\MSVC\1413~1.261\bin\Hostx86\x86\cl.exe @C:\Users\BERNHA~1\AppData\Local\Temp\nm50B.tmp
feature_tests.c
Linking C executable cmTC_1d15a.exe
	"C:\Program Files\JetBrains\CLion 2018.2.5\bin\cmake\win\bin\cmake.exe" -E vs_link_exe --intdir=CMakeFiles\cmTC_1d15a.dir --manifests  -- C:\PROGRA~2\MICROS~3\2017\ENTERP~1\VC\Tools\MSVC\1413~1.261\bin\Hostx86\x86\link.exe /nologo @CMakeFiles\cmTC_1d15a.dir\objects1.rsp @C:\Users\BERNHA~1\AppData\Local\Temp\nm599.tmp


    Feature record: C_FEATURE:1c_function_prototypes
    Feature record: C_FEATURE:1c_variadic_macros
